\BOOKMARK [1][]{section.1}{\376\377\000I\000n\000t\000r\000o\000d\000u\000c\000t\000i\000o\000n}{}% 1
\BOOKMARK [1][]{section.2}{\376\377\000T\000h\000e\000\040\000p\000r\000i\000n\000c\000i\000p\000l\000e\000s\000\040\000o\000f\000\040\000A\000V\000H\000R\000R\000\040\000t\000h\000e\000r\000m\000a\000l\000\040\000c\000a\000l\000i\000b\000r\000a\000t\000i\000o\000n}{}% 2
\BOOKMARK [1][]{section.3}{\376\377\000H\000o\000w\000\040\000t\000o\000\040\000e\000s\000t\000i\000m\000a\000t\000e\000\040\000t\000h\000e\000\040\000n\000o\000i\000s\000e}{}% 3
\BOOKMARK [2][]{subsection.3.1}{\376\377\000T\000h\000e\000\040\000s\000t\000a\000n\000d\000a\000r\000d\000\040\000d\000e\000v\000i\000a\000t\000i\000o\000n\000\040\000a\000n\000d\000\040\000t\000h\000e\000\040\000A\000l\000l\000a\000n\000\040\000d\000e\000v\000i\000a\000t\000i\000o\000n}{section.3}% 4
\BOOKMARK [2][]{subsection.3.2}{\376\377\000O\000u\000t\000l\000i\000e\000r\000\040\000r\000e\000m\000o\000v\000a\000l\000\040\000v\000i\000a\000\040\000d\000y\000n\000a\000m\000i\000c\000\040\000f\000i\000l\000t\000e\000r\000i\000n\000g}{section.3}% 5
\BOOKMARK [2][]{subsection.3.3}{\376\377\000T\000h\000e\000\040\000N\000o\000i\000s\000e\000\040\000E\000q\000u\000i\000v\000a\000l\000e\000n\000t\000\040\000E\000r\000r\000o\000r}{section.3}% 6
\BOOKMARK [1][]{section.4}{\376\377\000N\000o\000i\000s\000e\000\040\000c\000h\000a\000r\000a\000c\000t\000e\000r\000i\000s\000t\000i\000c\000s}{}% 7
\BOOKMARK [2][]{subsection.4.1}{\376\377\000T\000e\000m\000p\000o\000r\000a\000l\000\040\000v\000a\000r\000i\000a\000t\000i\000o\000n\000\040\000o\000f\000\040\000t\000h\000e\000\040\000n\000o\000i\000s\000e}{section.4}% 8
\BOOKMARK [2][]{subsection.4.2}{\376\377\000S\000p\000e\000c\000t\000r\000a\000l\000\040\000v\000a\000r\000i\000a\000t\000i\000o\000n\000\040\000o\000f\000\040\000t\000h\000e\000\040\000n\000o\000i\000s\000e}{section.4}% 9
\BOOKMARK [1][]{section.5}{\376\377\000N\000o\000i\000s\000e\000\040\000t\000r\000a\000c\000e\000a\000b\000i\000l\000i\000t\000y\000\040\000a\000n\000d\000\040\000m\000e\000t\000r\000o\000l\000o\000g\000i\000c\000a\000l\000\040\000c\000o\000n\000s\000i\000d\000e\000r\000a\000t\000i\000o\000n\000s}{}% 10
\BOOKMARK [2][]{subsection.5.1}{\376\377\000O\000p\000t\000o\000e\000l\000e\000c\000t\000r\000o\000n\000i\000c\000s\000\040\000c\000o\000n\000s\000i\000d\000e\000r\000a\000t\000i\000o\000n\000s\000\040\000o\000f\000\040\000t\000h\000e\000\040\000d\000e\000t\000e\000c\000t\000o\000r\000s}{section.5}% 11
\BOOKMARK [2][]{subsection.5.2}{\376\377\000A\000t\000t\000r\000i\000b\000u\000t\000i\000o\000n\000\040\000o\000f\000\040\000t\000h\000e\000\040\000n\000o\000i\000s\000e\000\040\000t\000o\000\040\000p\000h\000y\000s\000i\000c\000a\000l\000\040\000e\000f\000f\000e\000c\000t\000s}{section.5}% 12
\BOOKMARK [3][]{subsubsection.5.2.1}{\376\377\000P\000h\000o\000t\000o\000n\000\040\000s\000t\000a\000t\000i\000s\000t\000i\000c\000s\000\040\000a\000n\000d\000\040\000s\000h\000o\000t\000\040\000n\000o\000i\000s\000e}{subsection.5.2}% 13
\BOOKMARK [3][]{subsubsection.5.2.2}{\376\377\000P\000r\000e\000-\000f\000l\000i\000g\000h\000t\000\040\000c\000h\000a\000r\000a\000c\000t\000e\000r\000i\000s\000a\000t\000i\000o\000n}{subsection.5.2}% 14
\BOOKMARK [3][]{subsubsection.5.2.3}{\376\377\000I\000n\000s\000t\000r\000u\000m\000e\000n\000t\000\040\000d\000e\000g\000r\000e\000d\000a\000t\000i\000o\000n}{subsection.5.2}% 15
\BOOKMARK [3][]{subsubsection.5.2.4}{\376\377\000P\000R\000T\000\040\000n\000o\000i\000s\000e\000\040\000a\000n\000d\000\040\000b\000i\000a\000s}{subsection.5.2}% 16
\BOOKMARK [3][]{subsubsection.5.2.5}{\376\377\000T\000h\000e\000r\000m\000a\000l\000\040\000s\000t\000a\000t\000e\000\040\000o\000f\000\040\000t\000h\000e\000\040\000d\000e\000t\000e\000c\000t\000o\000r}{subsection.5.2}% 17
\BOOKMARK [3][]{subsubsection.5.2.6}{\376\377\000D\000i\000g\000i\000t\000i\000s\000a\000t\000i\000o\000n\000\040\000a\000n\000d\000\040\000d\000i\000s\000c\000r\000e\000t\000i\000s\000a\000t\000i\000o\000n}{subsection.5.2}% 18
\BOOKMARK [3][]{subsubsection.5.2.7}{\376\377\000R\000e\000a\000d\000o\000u\000t\000\040\000n\000o\000i\000s\000e}{subsection.5.2}% 19
\BOOKMARK [3][]{subsubsection.5.2.8}{\376\377\000G\000a\000i\000n\000\040\000v\000a\000r\000i\000a\000t\000i\000o\000n\000s\000\040\000a\000n\000d\000\040\000a\000m\000p\000l\000i\000f\000i\000e\000r\000\040\000e\000f\000f\000i\000c\000i\000e\000n\000c\000y}{subsection.5.2}% 20
\BOOKMARK [2][]{subsection.5.3}{\376\377\000F\000I\000D\000U\000C\000E\000O}{section.5}% 21
\BOOKMARK [2][]{subsection.5.4}{\376\377\000N\000o\000i\000s\000e\000\040\000u\000n\000c\000e\000r\000t\000a\000i\000n\000t\000y\000\040\000a\000n\000d\000\040\000F\000C\000D\000R\000s}{section.5}% 22
\BOOKMARK [2][]{subsection.5.5}{\376\377\000W\000a\000l\000t\000o\000n\000\040\000c\000a\000l\000i\000b\000r\000a\000t\000i\000o\000n}{section.5}% 23
\BOOKMARK [3][]{subsubsection.5.5.1}{\376\377\000T\000h\000e\000r\000m\000a\000l\000\040\000e\000n\000v\000i\000r\000o\000n\000m\000e\000n\000t\000\040\000c\000h\000a\000n\000g\000e\000s}{subsection.5.5}% 24
\BOOKMARK [1][]{section.6}{\376\377\000D\000i\000s\000c\000u\000s\000s\000i\000o\000n}{}% 25
\BOOKMARK [1][]{section.7}{\376\377\000C\000o\000n\000c\000l\000u\000s\000i\000o\000n\000s}{}% 26
\BOOKMARK [1][]{section.7}{\376\377\000R\000e\000f\000e\000r\000e\000n\000c\000e\000s}{}% 27
